INFO:werkzeug:[31m[1mWARNING: This is a development server. Do not use it in a production deployment. Use a production WSGI server instead.[0m
 * Running on http://127.0.0.1:5000
INFO:werkzeug:[33mPress CTRL+C to quit[0m
INFO:werkzeug:127.0.0.1 - - [31/Oct/2022 10:16:30] "[32mGET / HTTP/1.1[0m" 302 -
INFO:werkzeug:127.0.0.1 - - [31/Oct/2022 10:16:30] "GET /login HTTP/1.1" 200 -
INFO:werkzeug:127.0.0.1 - - [31/Oct/2022 10:16:30] "[33mGET /static/estilos/login.css HTTP/1.1[0m" 404 -
INFO:werkzeug:127.0.0.1 - - [31/Oct/2022 10:16:30] "[33mGET /favicon.ico HTTP/1.1[0m" 404 -
INFO:werkzeug:127.0.0.1 - - [31/Oct/2022 10:16:33] "[32mPOST /login HTTP/1.1[0m" 302 -
ERROR:app:Exception on /menu [GET]
Traceback (most recent call last):
  File "C:\Users\Myria\Downloads\Escuela\7mo Semestre\Prog. Multiparadigma\Examen segunda unidad\ExamenFlask\.venv\lib\site-packages\flask\app.py", line 2525, in wsgi_app
    response = self.full_dispatch_request()
  File "C:\Users\Myria\Downloads\Escuela\7mo Semestre\Prog. Multiparadigma\Examen segunda unidad\ExamenFlask\.venv\lib\site-packages\flask\app.py", line 1822, in full_dispatch_request
    rv = self.handle_user_exception(e)
  File "C:\Users\Myria\Downloads\Escuela\7mo Semestre\Prog. Multiparadigma\Examen segunda unidad\ExamenFlask\.venv\lib\site-packages\flask\app.py", line 1820, in full_dispatch_request
    rv = self.dispatch_request()
  File "C:\Users\Myria\Downloads\Escuela\7mo Semestre\Prog. Multiparadigma\Examen segunda unidad\ExamenFlask\.venv\lib\site-packages\flask\app.py", line 1796, in dispatch_request
    return self.ensure_sync(self.view_functions[rule.endpoint])(**view_args)
  File "C:\Users\Myria\Downloads\Escuela\7mo Semestre\Prog. Multiparadigma\Examen segunda unidad\ExamenFlask\app.py", line 48, in inicio
    return render_template('menu.html')
  File "C:\Users\Myria\Downloads\Escuela\7mo Semestre\Prog. Multiparadigma\Examen segunda unidad\ExamenFlask\.venv\lib\site-packages\flask\templating.py", line 147, in render_template
    return _render(app, template, context)
  File "C:\Users\Myria\Downloads\Escuela\7mo Semestre\Prog. Multiparadigma\Examen segunda unidad\ExamenFlask\.venv\lib\site-packages\flask\templating.py", line 130, in _render
    rv = template.render(context)
  File "C:\Users\Myria\Downloads\Escuela\7mo Semestre\Prog. Multiparadigma\Examen segunda unidad\ExamenFlask\.venv\lib\site-packages\jinja2\environment.py", line 1301, in render
    self.environment.handle_exception()
  File "C:\Users\Myria\Downloads\Escuela\7mo Semestre\Prog. Multiparadigma\Examen segunda unidad\ExamenFlask\.venv\lib\site-packages\jinja2\environment.py", line 936, in handle_exception
    raise rewrite_traceback_stack(source=source)
  File "C:\Users\Myria\Downloads\Escuela\7mo Semestre\Prog. Multiparadigma\Examen segunda unidad\ExamenFlask\templates\menu.html", line 17, in top-level template code
    <a href="{{ url_for('empleados')}}">Persona</a>
  File "C:\Users\Myria\Downloads\Escuela\7mo Semestre\Prog. Multiparadigma\Examen segunda unidad\ExamenFlask\.venv\lib\site-packages\flask\app.py", line 2031, in url_for
    return self.handle_url_build_error(error, endpoint, values)
  File "C:\Users\Myria\Downloads\Escuela\7mo Semestre\Prog. Multiparadigma\Examen segunda unidad\ExamenFlask\.venv\lib\site-packages\flask\app.py", line 2020, in url_for
    rv = url_adapter.build(  # type: ignore[union-attr]
  File "C:\Users\Myria\Downloads\Escuela\7mo Semestre\Prog. Multiparadigma\Examen segunda unidad\ExamenFlask\.venv\lib\site-packages\werkzeug\routing\map.py", line 917, in build
    raise BuildError(endpoint, values, method, self)
werkzeug.routing.exceptions.BuildError: Could not build url for endpoint 'empleados'. Did you mean 'verEmpleado' instead?
INFO:werkzeug:127.0.0.1 - - [31/Oct/2022 10:16:33] "[35m[1mGET /menu HTTP/1.1[0m" 500 -
INFO:werkzeug:[31m[1mWARNING: This is a development server. Do not use it in a production deployment. Use a production WSGI server instead.[0m
 * Running on http://127.0.0.1:5000
INFO:werkzeug:[33mPress CTRL+C to quit[0m
ERROR:app:Exception on /menu [GET]
Traceback (most recent call last):
  File "C:\Users\Myria\Downloads\Escuela\7mo Semestre\Prog. Multiparadigma\Examen segunda unidad\ExamenFlask\.venv\lib\site-packages\flask\app.py", line 2525, in wsgi_app
    response = self.full_dispatch_request()
  File "C:\Users\Myria\Downloads\Escuela\7mo Semestre\Prog. Multiparadigma\Examen segunda unidad\ExamenFlask\.venv\lib\site-packages\flask\app.py", line 1822, in full_dispatch_request
    rv = self.handle_user_exception(e)
  File "C:\Users\Myria\Downloads\Escuela\7mo Semestre\Prog. Multiparadigma\Examen segunda unidad\ExamenFlask\.venv\lib\site-packages\flask\app.py", line 1820, in full_dispatch_request
    rv = self.dispatch_request()
  File "C:\Users\Myria\Downloads\Escuela\7mo Semestre\Prog. Multiparadigma\Examen segunda unidad\ExamenFlask\.venv\lib\site-packages\flask\app.py", line 1796, in dispatch_request
    return self.ensure_sync(self.view_functions[rule.endpoint])(**view_args)
  File "C:\Users\Myria\Downloads\Escuela\7mo Semestre\Prog. Multiparadigma\Examen segunda unidad\ExamenFlask\app.py", line 48, in inicio
    return render_template('menu.html')
  File "C:\Users\Myria\Downloads\Escuela\7mo Semestre\Prog. Multiparadigma\Examen segunda unidad\ExamenFlask\.venv\lib\site-packages\flask\templating.py", line 147, in render_template
    return _render(app, template, context)
  File "C:\Users\Myria\Downloads\Escuela\7mo Semestre\Prog. Multiparadigma\Examen segunda unidad\ExamenFlask\.venv\lib\site-packages\flask\templating.py", line 130, in _render
    rv = template.render(context)
  File "C:\Users\Myria\Downloads\Escuela\7mo Semestre\Prog. Multiparadigma\Examen segunda unidad\ExamenFlask\.venv\lib\site-packages\jinja2\environment.py", line 1301, in render
    self.environment.handle_exception()
  File "C:\Users\Myria\Downloads\Escuela\7mo Semestre\Prog. Multiparadigma\Examen segunda unidad\ExamenFlask\.venv\lib\site-packages\jinja2\environment.py", line 936, in handle_exception
    raise rewrite_traceback_stack(source=source)
  File "C:\Users\Myria\Downloads\Escuela\7mo Semestre\Prog. Multiparadigma\Examen segunda unidad\ExamenFlask\templates\menu.html", line 17, in top-level template code
    <a href="{{ url_for('empleados')}}">Persona</a>
  File "C:\Users\Myria\Downloads\Escuela\7mo Semestre\Prog. Multiparadigma\Examen segunda unidad\ExamenFlask\.venv\lib\site-packages\flask\app.py", line 2031, in url_for
    return self.handle_url_build_error(error, endpoint, values)
  File "C:\Users\Myria\Downloads\Escuela\7mo Semestre\Prog. Multiparadigma\Examen segunda unidad\ExamenFlask\.venv\lib\site-packages\flask\app.py", line 2020, in url_for
    rv = url_adapter.build(  # type: ignore[union-attr]
  File "C:\Users\Myria\Downloads\Escuela\7mo Semestre\Prog. Multiparadigma\Examen segunda unidad\ExamenFlask\.venv\lib\site-packages\werkzeug\routing\map.py", line 917, in build
    raise BuildError(endpoint, values, method, self)
werkzeug.routing.exceptions.BuildError: Could not build url for endpoint 'empleados'. Did you mean 'verEmpleado' instead?
INFO:werkzeug:127.0.0.1 - - [31/Oct/2022 10:17:19] "[35m[1mGET /menu HTTP/1.1[0m" 500 -
INFO:werkzeug:[31m[1mWARNING: This is a development server. Do not use it in a production deployment. Use a production WSGI server instead.[0m
 * Running on http://127.0.0.1:5000
INFO:werkzeug:[33mPress CTRL+C to quit[0m
ERROR:app:Exception on / [GET]
Traceback (most recent call last):
  File "C:\Users\Myria\Downloads\Escuela\7mo Semestre\Prog. Multiparadigma\Examen segunda unidad\ExamenFlask\.venv\lib\site-packages\flask\app.py", line 2525, in wsgi_app
    response = self.full_dispatch_request()
  File "C:\Users\Myria\Downloads\Escuela\7mo Semestre\Prog. Multiparadigma\Examen segunda unidad\ExamenFlask\.venv\lib\site-packages\flask\app.py", line 1822, in full_dispatch_request
    rv = self.handle_user_exception(e)
  File "C:\Users\Myria\Downloads\Escuela\7mo Semestre\Prog. Multiparadigma\Examen segunda unidad\ExamenFlask\.venv\lib\site-packages\flask\app.py", line 1820, in full_dispatch_request
    rv = self.dispatch_request()
  File "C:\Users\Myria\Downloads\Escuela\7mo Semestre\Prog. Multiparadigma\Examen segunda unidad\ExamenFlask\.venv\lib\site-packages\flask\app.py", line 1796, in dispatch_request
    return self.ensure_sync(self.view_functions[rule.endpoint])(**view_args)
  File "C:\Users\Myria\Downloads\Escuela\7mo Semestre\Prog. Multiparadigma\Examen segunda unidad\ExamenFlask\app.py", line 48, in inicio
    return render_template('menu.html')
  File "C:\Users\Myria\Downloads\Escuela\7mo Semestre\Prog. Multiparadigma\Examen segunda unidad\ExamenFlask\.venv\lib\site-packages\flask\templating.py", line 147, in render_template
    return _render(app, template, context)
  File "C:\Users\Myria\Downloads\Escuela\7mo Semestre\Prog. Multiparadigma\Examen segunda unidad\ExamenFlask\.venv\lib\site-packages\flask\templating.py", line 130, in _render
    rv = template.render(context)
  File "C:\Users\Myria\Downloads\Escuela\7mo Semestre\Prog. Multiparadigma\Examen segunda unidad\ExamenFlask\.venv\lib\site-packages\jinja2\environment.py", line 1301, in render
    self.environment.handle_exception()
  File "C:\Users\Myria\Downloads\Escuela\7mo Semestre\Prog. Multiparadigma\Examen segunda unidad\ExamenFlask\.venv\lib\site-packages\jinja2\environment.py", line 936, in handle_exception
    raise rewrite_traceback_stack(source=source)
  File "C:\Users\Myria\Downloads\Escuela\7mo Semestre\Prog. Multiparadigma\Examen segunda unidad\ExamenFlask\templates\menu.html", line 17, in top-level template code
    <a href="{{ url_for('empleados')}}">Persona</a>
  File "C:\Users\Myria\Downloads\Escuela\7mo Semestre\Prog. Multiparadigma\Examen segunda unidad\ExamenFlask\.venv\lib\site-packages\flask\app.py", line 2031, in url_for
    return self.handle_url_build_error(error, endpoint, values)
  File "C:\Users\Myria\Downloads\Escuela\7mo Semestre\Prog. Multiparadigma\Examen segunda unidad\ExamenFlask\.venv\lib\site-packages\flask\app.py", line 2020, in url_for
    rv = url_adapter.build(  # type: ignore[union-attr]
  File "C:\Users\Myria\Downloads\Escuela\7mo Semestre\Prog. Multiparadigma\Examen segunda unidad\ExamenFlask\.venv\lib\site-packages\werkzeug\routing\map.py", line 917, in build
    raise BuildError(endpoint, values, method, self)
werkzeug.routing.exceptions.BuildError: Could not build url for endpoint 'empleados'. Did you mean 'verEmpleado' instead?
INFO:werkzeug:127.0.0.1 - - [31/Oct/2022 10:18:49] "[35m[1mGET / HTTP/1.1[0m" 500 -
ERROR:app:Exception on / [GET]
Traceback (most recent call last):
  File "C:\Users\Myria\Downloads\Escuela\7mo Semestre\Prog. Multiparadigma\Examen segunda unidad\ExamenFlask\.venv\lib\site-packages\flask\app.py", line 2525, in wsgi_app
    response = self.full_dispatch_request()
  File "C:\Users\Myria\Downloads\Escuela\7mo Semestre\Prog. Multiparadigma\Examen segunda unidad\ExamenFlask\.venv\lib\site-packages\flask\app.py", line 1822, in full_dispatch_request
    rv = self.handle_user_exception(e)
  File "C:\Users\Myria\Downloads\Escuela\7mo Semestre\Prog. Multiparadigma\Examen segunda unidad\ExamenFlask\.venv\lib\site-packages\flask\app.py", line 1820, in full_dispatch_request
    rv = self.dispatch_request()
  File "C:\Users\Myria\Downloads\Escuela\7mo Semestre\Prog. Multiparadigma\Examen segunda unidad\ExamenFlask\.venv\lib\site-packages\flask\app.py", line 1796, in dispatch_request
    return self.ensure_sync(self.view_functions[rule.endpoint])(**view_args)
  File "C:\Users\Myria\Downloads\Escuela\7mo Semestre\Prog. Multiparadigma\Examen segunda unidad\ExamenFlask\app.py", line 48, in inicio
    return render_template('menu.html')
  File "C:\Users\Myria\Downloads\Escuela\7mo Semestre\Prog. Multiparadigma\Examen segunda unidad\ExamenFlask\.venv\lib\site-packages\flask\templating.py", line 147, in render_template
    return _render(app, template, context)
  File "C:\Users\Myria\Downloads\Escuela\7mo Semestre\Prog. Multiparadigma\Examen segunda unidad\ExamenFlask\.venv\lib\site-packages\flask\templating.py", line 130, in _render
    rv = template.render(context)
  File "C:\Users\Myria\Downloads\Escuela\7mo Semestre\Prog. Multiparadigma\Examen segunda unidad\ExamenFlask\.venv\lib\site-packages\jinja2\environment.py", line 1301, in render
    self.environment.handle_exception()
  File "C:\Users\Myria\Downloads\Escuela\7mo Semestre\Prog. Multiparadigma\Examen segunda unidad\ExamenFlask\.venv\lib\site-packages\jinja2\environment.py", line 936, in handle_exception
    raise rewrite_traceback_stack(source=source)
  File "C:\Users\Myria\Downloads\Escuela\7mo Semestre\Prog. Multiparadigma\Examen segunda unidad\ExamenFlask\templates\menu.html", line 17, in top-level template code
    <a href="{{ url_for('empleados')}}">Persona</a>
  File "C:\Users\Myria\Downloads\Escuela\7mo Semestre\Prog. Multiparadigma\Examen segunda unidad\ExamenFlask\.venv\lib\site-packages\flask\app.py", line 2031, in url_for
    return self.handle_url_build_error(error, endpoint, values)
  File "C:\Users\Myria\Downloads\Escuela\7mo Semestre\Prog. Multiparadigma\Examen segunda unidad\ExamenFlask\.venv\lib\site-packages\flask\app.py", line 2020, in url_for
    rv = url_adapter.build(  # type: ignore[union-attr]
  File "C:\Users\Myria\Downloads\Escuela\7mo Semestre\Prog. Multiparadigma\Examen segunda unidad\ExamenFlask\.venv\lib\site-packages\werkzeug\routing\map.py", line 917, in build
    raise BuildError(endpoint, values, method, self)
werkzeug.routing.exceptions.BuildError: Could not build url for endpoint 'empleados'. Did you mean 'verEmpleado' instead?
INFO:werkzeug:127.0.0.1 - - [31/Oct/2022 10:18:51] "[35m[1mGET / HTTP/1.1[0m" 500 -
INFO:werkzeug:[31m[1mWARNING: This is a development server. Do not use it in a production deployment. Use a production WSGI server instead.[0m
 * Running on http://127.0.0.1:5000
INFO:werkzeug:[33mPress CTRL+C to quit[0m
ERROR:app:Exception on / [GET]
Traceback (most recent call last):
  File "C:\Users\Myria\Downloads\Escuela\7mo Semestre\Prog. Multiparadigma\Examen segunda unidad\ExamenFlask\.venv\lib\site-packages\flask\app.py", line 2525, in wsgi_app
    response = self.full_dispatch_request()
  File "C:\Users\Myria\Downloads\Escuela\7mo Semestre\Prog. Multiparadigma\Examen segunda unidad\ExamenFlask\.venv\lib\site-packages\flask\app.py", line 1822, in full_dispatch_request
    rv = self.handle_user_exception(e)
  File "C:\Users\Myria\Downloads\Escuela\7mo Semestre\Prog. Multiparadigma\Examen segunda unidad\ExamenFlask\.venv\lib\site-packages\flask\app.py", line 1820, in full_dispatch_request
    rv = self.dispatch_request()
  File "C:\Users\Myria\Downloads\Escuela\7mo Semestre\Prog. Multiparadigma\Examen segunda unidad\ExamenFlask\.venv\lib\site-packages\flask\app.py", line 1796, in dispatch_request
    return self.ensure_sync(self.view_functions[rule.endpoint])(**view_args)
  File "C:\Users\Myria\Downloads\Escuela\7mo Semestre\Prog. Multiparadigma\Examen segunda unidad\ExamenFlask\app.py", line 48, in inicio
    return render_template('menu.html')
  File "C:\Users\Myria\Downloads\Escuela\7mo Semestre\Prog. Multiparadigma\Examen segunda unidad\ExamenFlask\.venv\lib\site-packages\flask\templating.py", line 147, in render_template
    return _render(app, template, context)
  File "C:\Users\Myria\Downloads\Escuela\7mo Semestre\Prog. Multiparadigma\Examen segunda unidad\ExamenFlask\.venv\lib\site-packages\flask\templating.py", line 130, in _render
    rv = template.render(context)
  File "C:\Users\Myria\Downloads\Escuela\7mo Semestre\Prog. Multiparadigma\Examen segunda unidad\ExamenFlask\.venv\lib\site-packages\jinja2\environment.py", line 1301, in render
    self.environment.handle_exception()
  File "C:\Users\Myria\Downloads\Escuela\7mo Semestre\Prog. Multiparadigma\Examen segunda unidad\ExamenFlask\.venv\lib\site-packages\jinja2\environment.py", line 936, in handle_exception
    raise rewrite_traceback_stack(source=source)
  File "C:\Users\Myria\Downloads\Escuela\7mo Semestre\Prog. Multiparadigma\Examen segunda unidad\ExamenFlask\templates\menu.html", line 17, in top-level template code
    <a href="{{ url_for('empleados')}}">Persona</a>
  File "C:\Users\Myria\Downloads\Escuela\7mo Semestre\Prog. Multiparadigma\Examen segunda unidad\ExamenFlask\.venv\lib\site-packages\flask\app.py", line 2031, in url_for
    return self.handle_url_build_error(error, endpoint, values)
  File "C:\Users\Myria\Downloads\Escuela\7mo Semestre\Prog. Multiparadigma\Examen segunda unidad\ExamenFlask\.venv\lib\site-packages\flask\app.py", line 2020, in url_for
    rv = url_adapter.build(  # type: ignore[union-attr]
  File "C:\Users\Myria\Downloads\Escuela\7mo Semestre\Prog. Multiparadigma\Examen segunda unidad\ExamenFlask\.venv\lib\site-packages\werkzeug\routing\map.py", line 917, in build
    raise BuildError(endpoint, values, method, self)
werkzeug.routing.exceptions.BuildError: Could not build url for endpoint 'empleados'. Did you mean 'verEmpleado' instead?
INFO:werkzeug:127.0.0.1 - - [31/Oct/2022 10:24:53] "[35m[1mGET / HTTP/1.1[0m" 500 -
INFO:werkzeug:[31m[1mWARNING: This is a development server. Do not use it in a production deployment. Use a production WSGI server instead.[0m
 * Running on http://127.0.0.1:5000
INFO:werkzeug:[33mPress CTRL+C to quit[0m
INFO:werkzeug:127.0.0.1 - - [31/Oct/2022 10:26:46] "[32mGET / HTTP/1.1[0m" 302 -
INFO:werkzeug:127.0.0.1 - - [31/Oct/2022 10:26:46] "GET /login HTTP/1.1" 200 -
INFO:werkzeug:127.0.0.1 - - [31/Oct/2022 10:26:47] "[33mGET /static/estilos/login.css HTTP/1.1[0m" 404 -
INFO:werkzeug:127.0.0.1 - - [31/Oct/2022 10:26:48] "[33mGET /favicon.ico HTTP/1.1[0m" 404 -
INFO:werkzeug:127.0.0.1 - - [31/Oct/2022 10:26:51] "[32mPOST /login HTTP/1.1[0m" 302 -
ERROR:app:Exception on /menu [GET]
Traceback (most recent call last):
  File "C:\Users\Myria\Downloads\Escuela\7mo Semestre\Prog. Multiparadigma\Examen segunda unidad\ExamenFlask\.venv\lib\site-packages\flask\app.py", line 2525, in wsgi_app
    response = self.full_dispatch_request()
  File "C:\Users\Myria\Downloads\Escuela\7mo Semestre\Prog. Multiparadigma\Examen segunda unidad\ExamenFlask\.venv\lib\site-packages\flask\app.py", line 1822, in full_dispatch_request
    rv = self.handle_user_exception(e)
  File "C:\Users\Myria\Downloads\Escuela\7mo Semestre\Prog. Multiparadigma\Examen segunda unidad\ExamenFlask\.venv\lib\site-packages\flask\app.py", line 1820, in full_dispatch_request
    rv = self.dispatch_request()
  File "C:\Users\Myria\Downloads\Escuela\7mo Semestre\Prog. Multiparadigma\Examen segunda unidad\ExamenFlask\.venv\lib\site-packages\flask\app.py", line 1796, in dispatch_request
    return self.ensure_sync(self.view_functions[rule.endpoint])(**view_args)
  File "C:\Users\Myria\Downloads\Escuela\7mo Semestre\Prog. Multiparadigma\Examen segunda unidad\ExamenFlask\app.py", line 48, in inicio
    return render_template('menu.html')
  File "C:\Users\Myria\Downloads\Escuela\7mo Semestre\Prog. Multiparadigma\Examen segunda unidad\ExamenFlask\.venv\lib\site-packages\flask\templating.py", line 147, in render_template
    return _render(app, template, context)
  File "C:\Users\Myria\Downloads\Escuela\7mo Semestre\Prog. Multiparadigma\Examen segunda unidad\ExamenFlask\.venv\lib\site-packages\flask\templating.py", line 130, in _render
    rv = template.render(context)
  File "C:\Users\Myria\Downloads\Escuela\7mo Semestre\Prog. Multiparadigma\Examen segunda unidad\ExamenFlask\.venv\lib\site-packages\jinja2\environment.py", line 1301, in render
    self.environment.handle_exception()
  File "C:\Users\Myria\Downloads\Escuela\7mo Semestre\Prog. Multiparadigma\Examen segunda unidad\ExamenFlask\.venv\lib\site-packages\jinja2\environment.py", line 936, in handle_exception
    raise rewrite_traceback_stack(source=source)
  File "C:\Users\Myria\Downloads\Escuela\7mo Semestre\Prog. Multiparadigma\Examen segunda unidad\ExamenFlask\templates\menu.html", line 17, in top-level template code
    <a href="{{ url_for('empleados')}}">Persona</a>
  File "C:\Users\Myria\Downloads\Escuela\7mo Semestre\Prog. Multiparadigma\Examen segunda unidad\ExamenFlask\.venv\lib\site-packages\flask\app.py", line 2031, in url_for
    return self.handle_url_build_error(error, endpoint, values)
  File "C:\Users\Myria\Downloads\Escuela\7mo Semestre\Prog. Multiparadigma\Examen segunda unidad\ExamenFlask\.venv\lib\site-packages\flask\app.py", line 2020, in url_for
    rv = url_adapter.build(  # type: ignore[union-attr]
  File "C:\Users\Myria\Downloads\Escuela\7mo Semestre\Prog. Multiparadigma\Examen segunda unidad\ExamenFlask\.venv\lib\site-packages\werkzeug\routing\map.py", line 917, in build
    raise BuildError(endpoint, values, method, self)
werkzeug.routing.exceptions.BuildError: Could not build url for endpoint 'empleados'. Did you mean 'verEmpleado' instead?
INFO:werkzeug:127.0.0.1 - - [31/Oct/2022 10:26:51] "[35m[1mGET /menu HTTP/1.1[0m" 500 -
INFO:werkzeug:[31m[1mWARNING: This is a development server. Do not use it in a production deployment. Use a production WSGI server instead.[0m
 * Running on http://127.0.0.1:5000
INFO:werkzeug:[33mPress CTRL+C to quit[0m
INFO:werkzeug:127.0.0.1 - - [31/Oct/2022 10:27:58] "GET /login HTTP/1.1" 200 -
INFO:werkzeug:127.0.0.1 - - [31/Oct/2022 10:27:58] "[33mGET /static/estilos/login.css HTTP/1.1[0m" 404 -
INFO:werkzeug:127.0.0.1 - - [31/Oct/2022 10:28:00] "[32mPOST /login HTTP/1.1[0m" 302 -
ERROR:app:Exception on /menu [GET]
Traceback (most recent call last):
  File "C:\Users\Myria\Downloads\Escuela\7mo Semestre\Prog. Multiparadigma\Examen segunda unidad\ExamenFlask\.venv\lib\site-packages\flask\app.py", line 2525, in wsgi_app
    response = self.full_dispatch_request()
  File "C:\Users\Myria\Downloads\Escuela\7mo Semestre\Prog. Multiparadigma\Examen segunda unidad\ExamenFlask\.venv\lib\site-packages\flask\app.py", line 1822, in full_dispatch_request
    rv = self.handle_user_exception(e)
  File "C:\Users\Myria\Downloads\Escuela\7mo Semestre\Prog. Multiparadigma\Examen segunda unidad\ExamenFlask\.venv\lib\site-packages\flask\app.py", line 1820, in full_dispatch_request
    rv = self.dispatch_request()
  File "C:\Users\Myria\Downloads\Escuela\7mo Semestre\Prog. Multiparadigma\Examen segunda unidad\ExamenFlask\.venv\lib\site-packages\flask\app.py", line 1796, in dispatch_request
    return self.ensure_sync(self.view_functions[rule.endpoint])(**view_args)
  File "C:\Users\Myria\Downloads\Escuela\7mo Semestre\Prog. Multiparadigma\Examen segunda unidad\ExamenFlask\app.py", line 48, in inicio
    return render_template('menu.html')
  File "C:\Users\Myria\Downloads\Escuela\7mo Semestre\Prog. Multiparadigma\Examen segunda unidad\ExamenFlask\.venv\lib\site-packages\flask\templating.py", line 147, in render_template
    return _render(app, template, context)
  File "C:\Users\Myria\Downloads\Escuela\7mo Semestre\Prog. Multiparadigma\Examen segunda unidad\ExamenFlask\.venv\lib\site-packages\flask\templating.py", line 130, in _render
    rv = template.render(context)
  File "C:\Users\Myria\Downloads\Escuela\7mo Semestre\Prog. Multiparadigma\Examen segunda unidad\ExamenFlask\.venv\lib\site-packages\jinja2\environment.py", line 1301, in render
    self.environment.handle_exception()
  File "C:\Users\Myria\Downloads\Escuela\7mo Semestre\Prog. Multiparadigma\Examen segunda unidad\ExamenFlask\.venv\lib\site-packages\jinja2\environment.py", line 936, in handle_exception
    raise rewrite_traceback_stack(source=source)
  File "C:\Users\Myria\Downloads\Escuela\7mo Semestre\Prog. Multiparadigma\Examen segunda unidad\ExamenFlask\templates\menu.html", line 17, in top-level template code
    <a href="{{ url_for('empleados')}}">Persona</a>
  File "C:\Users\Myria\Downloads\Escuela\7mo Semestre\Prog. Multiparadigma\Examen segunda unidad\ExamenFlask\.venv\lib\site-packages\flask\app.py", line 2031, in url_for
    return self.handle_url_build_error(error, endpoint, values)
  File "C:\Users\Myria\Downloads\Escuela\7mo Semestre\Prog. Multiparadigma\Examen segunda unidad\ExamenFlask\.venv\lib\site-packages\flask\app.py", line 2020, in url_for
    rv = url_adapter.build(  # type: ignore[union-attr]
  File "C:\Users\Myria\Downloads\Escuela\7mo Semestre\Prog. Multiparadigma\Examen segunda unidad\ExamenFlask\.venv\lib\site-packages\werkzeug\routing\map.py", line 917, in build
    raise BuildError(endpoint, values, method, self)
werkzeug.routing.exceptions.BuildError: Could not build url for endpoint 'empleados'. Did you mean 'verEmpleado' instead?
INFO:werkzeug:127.0.0.1 - - [31/Oct/2022 10:28:00] "[35m[1mGET /menu HTTP/1.1[0m" 500 -
INFO:werkzeug:[31m[1mWARNING: This is a development server. Do not use it in a production deployment. Use a production WSGI server instead.[0m
 * Running on http://127.0.0.1:5000
INFO:werkzeug:[33mPress CTRL+C to quit[0m
INFO:werkzeug:127.0.0.1 - - [31/Oct/2022 10:30:20] "[32mGET / HTTP/1.1[0m" 302 -
INFO:werkzeug:127.0.0.1 - - [31/Oct/2022 10:30:20] "[32mGET / HTTP/1.1[0m" 302 -
INFO:werkzeug:127.0.0.1 - - [31/Oct/2022 10:30:20] "GET /login HTTP/1.1" 200 -
INFO:werkzeug:127.0.0.1 - - [31/Oct/2022 10:30:20] "[33mGET /static/estilos/login.css HTTP/1.1[0m" 404 -
INFO:werkzeug:127.0.0.1 - - [31/Oct/2022 10:30:20] "[33mGET /favicon.ico HTTP/1.1[0m" 404 -
INFO:werkzeug:127.0.0.1 - - [31/Oct/2022 10:30:23] "[32mPOST /login HTTP/1.1[0m" 302 -
ERROR:app:Exception on /menu [GET]
Traceback (most recent call last):
  File "C:\Users\Myria\Downloads\Escuela\7mo Semestre\Prog. Multiparadigma\Examen segunda unidad\ExamenFlask\.venv\lib\site-packages\flask\app.py", line 2525, in wsgi_app
    response = self.full_dispatch_request()
  File "C:\Users\Myria\Downloads\Escuela\7mo Semestre\Prog. Multiparadigma\Examen segunda unidad\ExamenFlask\.venv\lib\site-packages\flask\app.py", line 1822, in full_dispatch_request
    rv = self.handle_user_exception(e)
  File "C:\Users\Myria\Downloads\Escuela\7mo Semestre\Prog. Multiparadigma\Examen segunda unidad\ExamenFlask\.venv\lib\site-packages\flask\app.py", line 1820, in full_dispatch_request
    rv = self.dispatch_request()
  File "C:\Users\Myria\Downloads\Escuela\7mo Semestre\Prog. Multiparadigma\Examen segunda unidad\ExamenFlask\.venv\lib\site-packages\flask\app.py", line 1796, in dispatch_request
    return self.ensure_sync(self.view_functions[rule.endpoint])(**view_args)
  File "C:\Users\Myria\Downloads\Escuela\7mo Semestre\Prog. Multiparadigma\Examen segunda unidad\ExamenFlask\app.py", line 48, in inicio
    return render_template('menu.html')
  File "C:\Users\Myria\Downloads\Escuela\7mo Semestre\Prog. Multiparadigma\Examen segunda unidad\ExamenFlask\.venv\lib\site-packages\flask\templating.py", line 147, in render_template
    return _render(app, template, context)
  File "C:\Users\Myria\Downloads\Escuela\7mo Semestre\Prog. Multiparadigma\Examen segunda unidad\ExamenFlask\.venv\lib\site-packages\flask\templating.py", line 130, in _render
    rv = template.render(context)
  File "C:\Users\Myria\Downloads\Escuela\7mo Semestre\Prog. Multiparadigma\Examen segunda unidad\ExamenFlask\.venv\lib\site-packages\jinja2\environment.py", line 1301, in render
    self.environment.handle_exception()
  File "C:\Users\Myria\Downloads\Escuela\7mo Semestre\Prog. Multiparadigma\Examen segunda unidad\ExamenFlask\.venv\lib\site-packages\jinja2\environment.py", line 936, in handle_exception
    raise rewrite_traceback_stack(source=source)
  File "C:\Users\Myria\Downloads\Escuela\7mo Semestre\Prog. Multiparadigma\Examen segunda unidad\ExamenFlask\templates\menu.html", line 17, in top-level template code
    <a href="{{ url_for('empleados')}}">Persona</a>
  File "C:\Users\Myria\Downloads\Escuela\7mo Semestre\Prog. Multiparadigma\Examen segunda unidad\ExamenFlask\.venv\lib\site-packages\flask\app.py", line 2031, in url_for
    return self.handle_url_build_error(error, endpoint, values)
  File "C:\Users\Myria\Downloads\Escuela\7mo Semestre\Prog. Multiparadigma\Examen segunda unidad\ExamenFlask\.venv\lib\site-packages\flask\app.py", line 2020, in url_for
    rv = url_adapter.build(  # type: ignore[union-attr]
  File "C:\Users\Myria\Downloads\Escuela\7mo Semestre\Prog. Multiparadigma\Examen segunda unidad\ExamenFlask\.venv\lib\site-packages\werkzeug\routing\map.py", line 917, in build
    raise BuildError(endpoint, values, method, self)
werkzeug.routing.exceptions.BuildError: Could not build url for endpoint 'empleados'. Did you mean 'verEmpleado' instead?
INFO:werkzeug:127.0.0.1 - - [31/Oct/2022 10:30:23] "[35m[1mGET /menu HTTP/1.1[0m" 500 -
INFO:werkzeug:[31m[1mWARNING: This is a development server. Do not use it in a production deployment. Use a production WSGI server instead.[0m
 * Running on http://127.0.0.1:5000
INFO:werkzeug:[33mPress CTRL+C to quit[0m
ERROR:app:Exception on /menu [GET]
Traceback (most recent call last):
  File "C:\Users\Myria\Downloads\Escuela\7mo Semestre\Prog. Multiparadigma\Examen segunda unidad\ExamenFlask\.venv\lib\site-packages\flask\app.py", line 2525, in wsgi_app
    response = self.full_dispatch_request()
  File "C:\Users\Myria\Downloads\Escuela\7mo Semestre\Prog. Multiparadigma\Examen segunda unidad\ExamenFlask\.venv\lib\site-packages\flask\app.py", line 1822, in full_dispatch_request
    rv = self.handle_user_exception(e)
  File "C:\Users\Myria\Downloads\Escuela\7mo Semestre\Prog. Multiparadigma\Examen segunda unidad\ExamenFlask\.venv\lib\site-packages\flask\app.py", line 1820, in full_dispatch_request
    rv = self.dispatch_request()
  File "C:\Users\Myria\Downloads\Escuela\7mo Semestre\Prog. Multiparadigma\Examen segunda unidad\ExamenFlask\.venv\lib\site-packages\flask\app.py", line 1796, in dispatch_request
    return self.ensure_sync(self.view_functions[rule.endpoint])(**view_args)
  File "C:\Users\Myria\Downloads\Escuela\7mo Semestre\Prog. Multiparadigma\Examen segunda unidad\ExamenFlask\app.py", line 48, in inicio
    return render_template('menu.html')
  File "C:\Users\Myria\Downloads\Escuela\7mo Semestre\Prog. Multiparadigma\Examen segunda unidad\ExamenFlask\.venv\lib\site-packages\flask\templating.py", line 147, in render_template
    return _render(app, template, context)
  File "C:\Users\Myria\Downloads\Escuela\7mo Semestre\Prog. Multiparadigma\Examen segunda unidad\ExamenFlask\.venv\lib\site-packages\flask\templating.py", line 130, in _render
    rv = template.render(context)
  File "C:\Users\Myria\Downloads\Escuela\7mo Semestre\Prog. Multiparadigma\Examen segunda unidad\ExamenFlask\.venv\lib\site-packages\jinja2\environment.py", line 1301, in render
    self.environment.handle_exception()
  File "C:\Users\Myria\Downloads\Escuela\7mo Semestre\Prog. Multiparadigma\Examen segunda unidad\ExamenFlask\.venv\lib\site-packages\jinja2\environment.py", line 936, in handle_exception
    raise rewrite_traceback_stack(source=source)
  File "C:\Users\Myria\Downloads\Escuela\7mo Semestre\Prog. Multiparadigma\Examen segunda unidad\ExamenFlask\templates\menu.html", line 17, in top-level template code
    <a href="{{ url_for('/empleados')}}">Persona</a>
  File "C:\Users\Myria\Downloads\Escuela\7mo Semestre\Prog. Multiparadigma\Examen segunda unidad\ExamenFlask\.venv\lib\site-packages\flask\app.py", line 2031, in url_for
    return self.handle_url_build_error(error, endpoint, values)
  File "C:\Users\Myria\Downloads\Escuela\7mo Semestre\Prog. Multiparadigma\Examen segunda unidad\ExamenFlask\.venv\lib\site-packages\flask\app.py", line 2020, in url_for
    rv = url_adapter.build(  # type: ignore[union-attr]
  File "C:\Users\Myria\Downloads\Escuela\7mo Semestre\Prog. Multiparadigma\Examen segunda unidad\ExamenFlask\.venv\lib\site-packages\werkzeug\routing\map.py", line 917, in build
    raise BuildError(endpoint, values, method, self)
werkzeug.routing.exceptions.BuildError: Could not build url for endpoint '/empleados'. Did you mean 'verEmpleado' instead?
INFO:werkzeug:127.0.0.1 - - [31/Oct/2022 10:31:27] "[35m[1mGET /menu HTTP/1.1[0m" 500 -
INFO:werkzeug:[31m[1mWARNING: This is a development server. Do not use it in a production deployment. Use a production WSGI server instead.[0m
 * Running on http://127.0.0.1:5000
INFO:werkzeug:[33mPress CTRL+C to quit[0m
ERROR:app:Exception on /menu [GET]
Traceback (most recent call last):
  File "C:\Users\Myria\Downloads\Escuela\7mo Semestre\Prog. Multiparadigma\Examen segunda unidad\ExamenFlask\.venv\lib\site-packages\flask\app.py", line 2525, in wsgi_app
    response = self.full_dispatch_request()
  File "C:\Users\Myria\Downloads\Escuela\7mo Semestre\Prog. Multiparadigma\Examen segunda unidad\ExamenFlask\.venv\lib\site-packages\flask\app.py", line 1822, in full_dispatch_request
    rv = self.handle_user_exception(e)
  File "C:\Users\Myria\Downloads\Escuela\7mo Semestre\Prog. Multiparadigma\Examen segunda unidad\ExamenFlask\.venv\lib\site-packages\flask\app.py", line 1820, in full_dispatch_request
    rv = self.dispatch_request()
  File "C:\Users\Myria\Downloads\Escuela\7mo Semestre\Prog. Multiparadigma\Examen segunda unidad\ExamenFlask\.venv\lib\site-packages\flask\app.py", line 1796, in dispatch_request
    return self.ensure_sync(self.view_functions[rule.endpoint])(**view_args)
  File "C:\Users\Myria\Downloads\Escuela\7mo Semestre\Prog. Multiparadigma\Examen segunda unidad\ExamenFlask\app.py", line 48, in inicio
    return render_template('menu.html')
  File "C:\Users\Myria\Downloads\Escuela\7mo Semestre\Prog. Multiparadigma\Examen segunda unidad\ExamenFlask\.venv\lib\site-packages\flask\templating.py", line 147, in render_template
    return _render(app, template, context)
  File "C:\Users\Myria\Downloads\Escuela\7mo Semestre\Prog. Multiparadigma\Examen segunda unidad\ExamenFlask\.venv\lib\site-packages\flask\templating.py", line 130, in _render
    rv = template.render(context)
  File "C:\Users\Myria\Downloads\Escuela\7mo Semestre\Prog. Multiparadigma\Examen segunda unidad\ExamenFlask\.venv\lib\site-packages\jinja2\environment.py", line 1301, in render
    self.environment.handle_exception()
  File "C:\Users\Myria\Downloads\Escuela\7mo Semestre\Prog. Multiparadigma\Examen segunda unidad\ExamenFlask\.venv\lib\site-packages\jinja2\environment.py", line 936, in handle_exception
    raise rewrite_traceback_stack(source=source)
  File "C:\Users\Myria\Downloads\Escuela\7mo Semestre\Prog. Multiparadigma\Examen segunda unidad\ExamenFlask\templates\menu.html", line 17, in top-level template code
    <a href="{{ url_for('verEmpleado')}}">Persona</a>
  File "C:\Users\Myria\Downloads\Escuela\7mo Semestre\Prog. Multiparadigma\Examen segunda unidad\ExamenFlask\.venv\lib\site-packages\flask\app.py", line 2031, in url_for
    return self.handle_url_build_error(error, endpoint, values)
  File "C:\Users\Myria\Downloads\Escuela\7mo Semestre\Prog. Multiparadigma\Examen segunda unidad\ExamenFlask\.venv\lib\site-packages\flask\app.py", line 2020, in url_for
    rv = url_adapter.build(  # type: ignore[union-attr]
  File "C:\Users\Myria\Downloads\Escuela\7mo Semestre\Prog. Multiparadigma\Examen segunda unidad\ExamenFlask\.venv\lib\site-packages\werkzeug\routing\map.py", line 917, in build
    raise BuildError(endpoint, values, method, self)
werkzeug.routing.exceptions.BuildError: Could not build url for endpoint 'verEmpleado'. Did you forget to specify values ['id']?
INFO:werkzeug:127.0.0.1 - - [31/Oct/2022 10:32:12] "[35m[1mGET /menu HTTP/1.1[0m" 500 -
INFO:werkzeug:[31m[1mWARNING: This is a development server. Do not use it in a production deployment. Use a production WSGI server instead.[0m
 * Running on http://127.0.0.1:5000
INFO:werkzeug:[33mPress CTRL+C to quit[0m
INFO:werkzeug:127.0.0.1 - - [31/Oct/2022 10:35:19] "GET /menu HTTP/1.1" 200 -
INFO:werkzeug:127.0.0.1 - - [31/Oct/2022 10:35:19] "[33mGET /static/css/404.css HTTP/1.1[0m" 404 -
DEBUG:app:None
INFO:werkzeug:127.0.0.1 - - [31/Oct/2022 10:35:21] "GET /Profesores HTTP/1.1" 200 -
INFO:werkzeug:127.0.0.1 - - [31/Oct/2022 10:35:21] "[33mGET /static/estilos/index.css HTTP/1.1[0m" 404 -
DEBUG:app:None
INFO:werkzeug:127.0.0.1 - - [31/Oct/2022 10:35:23] "GET /Profesores/agregar HTTP/1.1" 200 -
INFO:werkzeug:127.0.0.1 - - [31/Oct/2022 10:35:23] "[33mGET /static/estilos/Agregar.css HTTP/1.1[0m" 404 -
DEBUG:app:None
INFO:werkzeug:127.0.0.1 - - [31/Oct/2022 10:35:26] "[32mPOST /Profesores/agregar HTTP/1.1[0m" 302 -
DEBUG:app:None
INFO:werkzeug:127.0.0.1 - - [31/Oct/2022 10:35:26] "GET /Profesores HTTP/1.1" 200 -
INFO:werkzeug:127.0.0.1 - - [31/Oct/2022 10:35:26] "[33mGET /static/estilos/index.css HTTP/1.1[0m" 404 -
INFO:werkzeug:127.0.0.1 - - [31/Oct/2022 10:35:28] "[33mGET /salir HTTP/1.1[0m" 404 -
INFO:werkzeug:127.0.0.1 - - [31/Oct/2022 10:35:28] "[33mGET /static/estilos/404.css HTTP/1.1[0m" 404 -
INFO:werkzeug:127.0.0.1 - - [31/Oct/2022 10:35:28] "[33mGET /style.css HTTP/1.1[0m" 404 -
INFO:werkzeug:127.0.0.1 - - [31/Oct/2022 10:35:29] "[32mGET /menu HTTP/1.1[0m" 302 -
INFO:werkzeug:127.0.0.1 - - [31/Oct/2022 10:35:29] "GET /login HTTP/1.1" 200 -
INFO:werkzeug:127.0.0.1 - - [31/Oct/2022 10:35:29] "[33mGET /static/estilos/login.css HTTP/1.1[0m" 404 -
INFO:werkzeug:127.0.0.1 - - [31/Oct/2022 10:35:31] "[32mPOST /login HTTP/1.1[0m" 302 -
INFO:werkzeug:127.0.0.1 - - [31/Oct/2022 10:35:31] "GET /menu HTTP/1.1" 200 -
INFO:werkzeug:127.0.0.1 - - [31/Oct/2022 10:35:31] "[33mGET /static/css/404.css HTTP/1.1[0m" 404 -
DEBUG:app:None
ERROR:app:Exception on /empleados [GET]
Traceback (most recent call last):
  File "C:\Users\Myria\Downloads\Escuela\7mo Semestre\Prog. Multiparadigma\Examen segunda unidad\ExamenFlask\.venv\lib\site-packages\flask\app.py", line 2525, in wsgi_app
    response = self.full_dispatch_request()
  File "C:\Users\Myria\Downloads\Escuela\7mo Semestre\Prog. Multiparadigma\Examen segunda unidad\ExamenFlask\.venv\lib\site-packages\flask\app.py", line 1822, in full_dispatch_request
    rv = self.handle_user_exception(e)
  File "C:\Users\Myria\Downloads\Escuela\7mo Semestre\Prog. Multiparadigma\Examen segunda unidad\ExamenFlask\.venv\lib\site-packages\flask\app.py", line 1820, in full_dispatch_request
    rv = self.dispatch_request()
  File "C:\Users\Myria\Downloads\Escuela\7mo Semestre\Prog. Multiparadigma\Examen segunda unidad\ExamenFlask\.venv\lib\site-packages\flask\app.py", line 1796, in dispatch_request
    return self.ensure_sync(self.view_functions[rule.endpoint])(**view_args)
  File "C:\Users\Myria\Downloads\Escuela\7mo Semestre\Prog. Multiparadigma\Examen segunda unidad\ExamenFlask\app.py", line 71, in empleados
    return render_template("indexEmpleado.html", empleados=empleados)
  File "C:\Users\Myria\Downloads\Escuela\7mo Semestre\Prog. Multiparadigma\Examen segunda unidad\ExamenFlask\.venv\lib\site-packages\flask\templating.py", line 147, in render_template
    return _render(app, template, context)
  File "C:\Users\Myria\Downloads\Escuela\7mo Semestre\Prog. Multiparadigma\Examen segunda unidad\ExamenFlask\.venv\lib\site-packages\flask\templating.py", line 130, in _render
    rv = template.render(context)
  File "C:\Users\Myria\Downloads\Escuela\7mo Semestre\Prog. Multiparadigma\Examen segunda unidad\ExamenFlask\.venv\lib\site-packages\jinja2\environment.py", line 1301, in render
    self.environment.handle_exception()
  File "C:\Users\Myria\Downloads\Escuela\7mo Semestre\Prog. Multiparadigma\Examen segunda unidad\ExamenFlask\.venv\lib\site-packages\jinja2\environment.py", line 936, in handle_exception
    raise rewrite_traceback_stack(source=source)
  File "C:\Users\Myria\Downloads\Escuela\7mo Semestre\Prog. Multiparadigma\Examen segunda unidad\ExamenFlask\templates\indexEmpleado.html", line 15, in top-level template code
    <a href="{{url_for('agregarEmpleado')}}">Agregar</a>
  File "C:\Users\Myria\Downloads\Escuela\7mo Semestre\Prog. Multiparadigma\Examen segunda unidad\ExamenFlask\.venv\lib\site-packages\flask\app.py", line 2031, in url_for
    return self.handle_url_build_error(error, endpoint, values)
  File "C:\Users\Myria\Downloads\Escuela\7mo Semestre\Prog. Multiparadigma\Examen segunda unidad\ExamenFlask\.venv\lib\site-packages\flask\app.py", line 2020, in url_for
    rv = url_adapter.build(  # type: ignore[union-attr]
  File "C:\Users\Myria\Downloads\Escuela\7mo Semestre\Prog. Multiparadigma\Examen segunda unidad\ExamenFlask\.venv\lib\site-packages\werkzeug\routing\map.py", line 917, in build
    raise BuildError(endpoint, values, method, self)
werkzeug.routing.exceptions.BuildError: Could not build url for endpoint 'agregarEmpleado'. Did you mean 'verEmpleado' instead?
INFO:werkzeug:127.0.0.1 - - [31/Oct/2022 10:35:32] "[35m[1mGET /empleados HTTP/1.1[0m" 500 -
INFO:werkzeug:[31m[1mWARNING: This is a development server. Do not use it in a production deployment. Use a production WSGI server instead.[0m
 * Running on http://127.0.0.1:5000
INFO:werkzeug:[33mPress CTRL+C to quit[0m
DEBUG:app:None
INFO:werkzeug:127.0.0.1 - - [31/Oct/2022 10:37:01] "GET /empleados HTTP/1.1" 200 -
INFO:werkzeug:127.0.0.1 - - [31/Oct/2022 10:37:01] "[33mGET /static/css/index.css HTTP/1.1[0m" 404 -
INFO:werkzeug:127.0.0.1 - - [31/Oct/2022 10:37:04] "GET /empleados/agregar HTTP/1.1" 200 -
INFO:werkzeug:127.0.0.1 - - [31/Oct/2022 10:37:04] "[33mGET /static/estilos/Agregar.css HTTP/1.1[0m" 404 -
INFO:werkzeug:127.0.0.1 - - [31/Oct/2022 10:37:07] "[32mPOST /empleados/agregar HTTP/1.1[0m" 302 -
DEBUG:app:None
INFO:werkzeug:127.0.0.1 - - [31/Oct/2022 10:37:07] "GET /empleados HTTP/1.1" 200 -
INFO:werkzeug:127.0.0.1 - - [31/Oct/2022 10:37:07] "[33mGET /static/css/index.css HTTP/1.1[0m" 404 -
INFO:werkzeug:127.0.0.1 - - [31/Oct/2022 10:37:09] "GET /empleados/agregar HTTP/1.1" 200 -
INFO:werkzeug:127.0.0.1 - - [31/Oct/2022 10:37:09] "[33mGET /static/estilos/Agregar.css HTTP/1.1[0m" 404 -
INFO:werkzeug:127.0.0.1 - - [31/Oct/2022 10:37:24] "[32mPOST /empleados/agregar HTTP/1.1[0m" 302 -
DEBUG:app:None
INFO:werkzeug:127.0.0.1 - - [31/Oct/2022 10:37:24] "GET /empleados HTTP/1.1" 200 -
INFO:werkzeug:127.0.0.1 - - [31/Oct/2022 10:37:24] "[33mGET /static/css/index.css HTTP/1.1[0m" 404 -
INFO:werkzeug:127.0.0.1 - - [31/Oct/2022 10:37:27] "GET /empleados/2 HTTP/1.1" 200 -
INFO:werkzeug:127.0.0.1 - - [31/Oct/2022 10:37:29] "GET /menu HTTP/1.1" 200 -
INFO:werkzeug:127.0.0.1 - - [31/Oct/2022 10:37:29] "[33mGET /static/css/404.css HTTP/1.1[0m" 404 -
DEBUG:app:None
INFO:werkzeug:127.0.0.1 - - [31/Oct/2022 10:37:31] "GET /empleados HTTP/1.1" 200 -
INFO:werkzeug:127.0.0.1 - - [31/Oct/2022 10:37:31] "[33mGET /static/css/index.css HTTP/1.1[0m" 404 -
INFO:werkzeug:127.0.0.1 - - [31/Oct/2022 10:37:32] "GET /empleados/editar/2 HTTP/1.1" 200 -
INFO:werkzeug:127.0.0.1 - - [31/Oct/2022 10:37:32] "[33mGET /static/css/editar.css HTTP/1.1[0m" 404 -
INFO:werkzeug:127.0.0.1 - - [31/Oct/2022 10:37:35] "[32mPOST /empleados/editar/2 HTTP/1.1[0m" 302 -
DEBUG:app:None
INFO:werkzeug:127.0.0.1 - - [31/Oct/2022 10:37:35] "GET /empleados HTTP/1.1" 200 -
INFO:werkzeug:127.0.0.1 - - [31/Oct/2022 10:37:35] "[33mGET /static/css/index.css HTTP/1.1[0m" 404 -
INFO:werkzeug:127.0.0.1 - - [31/Oct/2022 10:37:36] "[32mGET /empleados/eliminar/2 HTTP/1.1[0m" 302 -
DEBUG:app:None
INFO:werkzeug:127.0.0.1 - - [31/Oct/2022 10:37:36] "GET /empleados HTTP/1.1" 200 -
INFO:werkzeug:127.0.0.1 - - [31/Oct/2022 10:37:36] "[33mGET /static/css/index.css HTTP/1.1[0m" 404 -
INFO:werkzeug:127.0.0.1 - - [31/Oct/2022 10:37:38] "[33mGET /salir HTTP/1.1[0m" 404 -
INFO:werkzeug:127.0.0.1 - - [31/Oct/2022 10:37:38] "[33mGET /style.css HTTP/1.1[0m" 404 -
INFO:werkzeug:127.0.0.1 - - [31/Oct/2022 10:37:38] "[33mGET /static/estilos/404.css HTTP/1.1[0m" 404 -
INFO:werkzeug:127.0.0.1 - - [31/Oct/2022 10:37:39] "[32mGET /menu HTTP/1.1[0m" 302 -
INFO:werkzeug:127.0.0.1 - - [31/Oct/2022 10:37:39] "GET /login HTTP/1.1" 200 -
INFO:werkzeug:127.0.0.1 - - [31/Oct/2022 10:37:39] "[33mGET /static/estilos/login.css HTTP/1.1[0m" 404 -
INFO:werkzeug:127.0.0.1 - - [31/Oct/2022 10:37:42] "[32mPOST /login HTTP/1.1[0m" 302 -
INFO:werkzeug:127.0.0.1 - - [31/Oct/2022 10:37:42] "GET /menu HTTP/1.1" 200 -
INFO:werkzeug:127.0.0.1 - - [31/Oct/2022 10:37:42] "[33mGET /static/css/404.css HTTP/1.1[0m" 404 -
DEBUG:app:None
INFO:werkzeug:127.0.0.1 - - [31/Oct/2022 10:37:43] "GET /Profesores HTTP/1.1" 200 -
INFO:werkzeug:127.0.0.1 - - [31/Oct/2022 10:37:43] "[33mGET /static/estilos/index.css HTTP/1.1[0m" 404 -
DEBUG:app:None
INFO:werkzeug:127.0.0.1 - - [31/Oct/2022 10:37:45] "GET /Profesores/agregar HTTP/1.1" 200 -
INFO:werkzeug:127.0.0.1 - - [31/Oct/2022 10:37:45] "[33mGET /static/estilos/Agregar.css HTTP/1.1[0m" 404 -
DEBUG:app:None
INFO:werkzeug:127.0.0.1 - - [31/Oct/2022 10:37:54] "[32mPOST /Profesores/agregar HTTP/1.1[0m" 302 -
DEBUG:app:None
INFO:werkzeug:127.0.0.1 - - [31/Oct/2022 10:37:54] "GET /Profesores HTTP/1.1" 200 -
INFO:werkzeug:127.0.0.1 - - [31/Oct/2022 10:37:54] "[33mGET /static/estilos/index.css HTTP/1.1[0m" 404 -
INFO:werkzeug:127.0.0.1 - - [31/Oct/2022 10:37:55] "[33mGET /profesores/2 HTTP/1.1[0m" 404 -
INFO:werkzeug:127.0.0.1 - - [31/Oct/2022 10:37:56] "[33mGET /static/estilos/404.css HTTP/1.1[0m" 404 -
INFO:werkzeug:127.0.0.1 - - [31/Oct/2022 10:37:56] "[33mGET /profesores/style.css HTTP/1.1[0m" 404 -
INFO:werkzeug:127.0.0.1 - - [31/Oct/2022 10:39:35] "GET /menu HTTP/1.1" 200 -
INFO:werkzeug:127.0.0.1 - - [31/Oct/2022 10:39:35] "[33mGET /static/css/404.css HTTP/1.1[0m" 404 -
DEBUG:app:None
INFO:werkzeug:127.0.0.1 - - [31/Oct/2022 10:39:37] "GET /Profesores HTTP/1.1" 200 -
INFO:werkzeug:127.0.0.1 - - [31/Oct/2022 10:39:37] "[33mGET /static/estilos/index.css HTTP/1.1[0m" 404 -
INFO:werkzeug:127.0.0.1 - - [31/Oct/2022 10:39:38] "[33mGET /profesores/2 HTTP/1.1[0m" 404 -
INFO:werkzeug:127.0.0.1 - - [31/Oct/2022 10:39:38] "[33mGET /static/estilos/404.css HTTP/1.1[0m" 404 -
INFO:werkzeug:127.0.0.1 - - [31/Oct/2022 10:39:38] "[33mGET /profesores/style.css HTTP/1.1[0m" 404 -
INFO:werkzeug:[31m[1mWARNING: This is a development server. Do not use it in a production deployment. Use a production WSGI server instead.[0m
 * Running on http://127.0.0.1:5000
INFO:werkzeug:[33mPress CTRL+C to quit[0m
INFO:werkzeug:127.0.0.1 - - [31/Oct/2022 10:42:46] "[33mGET /profesores/2 HTTP/1.1[0m" 404 -
INFO:werkzeug:127.0.0.1 - - [31/Oct/2022 10:42:46] "[33mGET /static/estilos/404.css HTTP/1.1[0m" 404 -
INFO:werkzeug:127.0.0.1 - - [31/Oct/2022 10:42:47] "[33mGET /profesores/style.css HTTP/1.1[0m" 404 -
INFO:werkzeug:127.0.0.1 - - [31/Oct/2022 10:42:52] "GET /login HTTP/1.1" 200 -
INFO:werkzeug:127.0.0.1 - - [31/Oct/2022 10:42:52] "[33mGET /static/estilos/login.css HTTP/1.1[0m" 404 -
INFO:werkzeug:127.0.0.1 - - [31/Oct/2022 10:42:55] "[32mPOST /login HTTP/1.1[0m" 302 -
INFO:werkzeug:127.0.0.1 - - [31/Oct/2022 10:42:55] "GET /menu HTTP/1.1" 200 -
INFO:werkzeug:127.0.0.1 - - [31/Oct/2022 10:42:55] "[33mGET /static/css/404.css HTTP/1.1[0m" 404 -
DEBUG:app:None
INFO:werkzeug:127.0.0.1 - - [31/Oct/2022 10:42:56] "GET /Profesores HTTP/1.1" 200 -
INFO:werkzeug:127.0.0.1 - - [31/Oct/2022 10:42:56] "[33mGET /static/estilos/index.css HTTP/1.1[0m" 404 -
INFO:werkzeug:127.0.0.1 - - [31/Oct/2022 10:42:58] "[33mGET /profesores/2 HTTP/1.1[0m" 404 -
INFO:werkzeug:127.0.0.1 - - [31/Oct/2022 10:42:58] "[33mGET /static/estilos/404.css HTTP/1.1[0m" 404 -
INFO:werkzeug:127.0.0.1 - - [31/Oct/2022 10:42:58] "[33mGET /profesores/style.css HTTP/1.1[0m" 404 -
INFO:werkzeug:[31m[1mWARNING: This is a development server. Do not use it in a production deployment. Use a production WSGI server instead.[0m
 * Running on http://127.0.0.1:5000
INFO:werkzeug:[33mPress CTRL+C to quit[0m
INFO:werkzeug:127.0.0.1 - - [31/Oct/2022 10:43:44] "[33mGET /profesores/2 HTTP/1.1[0m" 404 -
INFO:werkzeug:127.0.0.1 - - [31/Oct/2022 10:43:45] "[33mGET /profesores/style.css HTTP/1.1[0m" 404 -
INFO:werkzeug:127.0.0.1 - - [31/Oct/2022 10:43:45] "[33mGET /static/estilos/404.css HTTP/1.1[0m" 404 -
INFO:werkzeug:127.0.0.1 - - [31/Oct/2022 10:43:47] "[33mGET /profesores/2 HTTP/1.1[0m" 404 -
INFO:werkzeug:127.0.0.1 - - [31/Oct/2022 10:43:48] "[33mGET /static/estilos/404.css HTTP/1.1[0m" 404 -
INFO:werkzeug:127.0.0.1 - - [31/Oct/2022 10:43:48] "[33mGET /profesores/style.css HTTP/1.1[0m" 404 -
INFO:werkzeug:127.0.0.1 - - [31/Oct/2022 10:44:08] "[33mGET /profesores/2 HTTP/1.1[0m" 404 -
INFO:werkzeug:127.0.0.1 - - [31/Oct/2022 10:44:08] "[33mGET /static/estilos/404.css HTTP/1.1[0m" 404 -
INFO:werkzeug:127.0.0.1 - - [31/Oct/2022 10:44:08] "[33mGET /profesores/style.css HTTP/1.1[0m" 404 -
INFO:werkzeug:[31m[1mWARNING: This is a development server. Do not use it in a production deployment. Use a production WSGI server instead.[0m
 * Running on http://127.0.0.1:5000
INFO:werkzeug:[33mPress CTRL+C to quit[0m
INFO:werkzeug:127.0.0.1 - - [31/Oct/2022 10:45:10] "[33mGET /profesores/2 HTTP/1.1[0m" 404 -
INFO:werkzeug:127.0.0.1 - - [31/Oct/2022 10:45:10] "[33mGET /static/estilos/404.css HTTP/1.1[0m" 404 -
INFO:werkzeug:127.0.0.1 - - [31/Oct/2022 10:45:10] "[33mGET /profesores/style.css HTTP/1.1[0m" 404 -
INFO:werkzeug:127.0.0.1 - - [31/Oct/2022 10:45:15] "GET / HTTP/1.1" 200 -
INFO:werkzeug:127.0.0.1 - - [31/Oct/2022 10:45:15] "[33mGET /static/css/404.css HTTP/1.1[0m" 404 -
INFO:werkzeug:127.0.0.1 - - [31/Oct/2022 10:45:18] "GET /login HTTP/1.1" 200 -
INFO:werkzeug:127.0.0.1 - - [31/Oct/2022 10:45:18] "[33mGET /static/estilos/login.css HTTP/1.1[0m" 404 -
INFO:werkzeug:127.0.0.1 - - [31/Oct/2022 10:45:21] "[32mPOST /login HTTP/1.1[0m" 302 -
INFO:werkzeug:127.0.0.1 - - [31/Oct/2022 10:45:21] "GET /menu HTTP/1.1" 200 -
INFO:werkzeug:127.0.0.1 - - [31/Oct/2022 10:45:21] "[33mGET /static/css/404.css HTTP/1.1[0m" 404 -
DEBUG:app:None
INFO:werkzeug:127.0.0.1 - - [31/Oct/2022 10:45:23] "GET /Profesores HTTP/1.1" 200 -
INFO:werkzeug:127.0.0.1 - - [31/Oct/2022 10:45:23] "[33mGET /static/estilos/index.css HTTP/1.1[0m" 404 -
DEBUG:app:None
INFO:werkzeug:127.0.0.1 - - [31/Oct/2022 10:45:24] "GET /Profesores/2 HTTP/1.1" 200 -
INFO:werkzeug:127.0.0.1 - - [31/Oct/2022 10:45:27] "GET /menu HTTP/1.1" 200 -
INFO:werkzeug:127.0.0.1 - - [31/Oct/2022 10:45:27] "[33mGET /static/css/404.css HTTP/1.1[0m" 404 -
DEBUG:app:None
INFO:werkzeug:127.0.0.1 - - [31/Oct/2022 10:45:31] "GET /Profesores HTTP/1.1" 200 -
INFO:werkzeug:127.0.0.1 - - [31/Oct/2022 10:45:31] "[33mGET /static/estilos/index.css HTTP/1.1[0m" 404 -
INFO:werkzeug:127.0.0.1 - - [31/Oct/2022 10:45:32] "[33mGET /salir HTTP/1.1[0m" 404 -
INFO:werkzeug:127.0.0.1 - - [31/Oct/2022 10:45:33] "[33mGET /static/estilos/404.css HTTP/1.1[0m" 404 -
INFO:werkzeug:127.0.0.1 - - [31/Oct/2022 10:45:33] "[33mGET /style.css HTTP/1.1[0m" 404 -
INFO:werkzeug:127.0.0.1 - - [31/Oct/2022 10:45:34] "[32mGET /menu HTTP/1.1[0m" 302 -
INFO:werkzeug:127.0.0.1 - - [31/Oct/2022 10:45:34] "GET /login HTTP/1.1" 200 -
INFO:werkzeug:127.0.0.1 - - [31/Oct/2022 10:45:35] "[33mGET /static/estilos/login.css HTTP/1.1[0m" 404 -
INFO:werkzeug:[31m[1mWARNING: This is a development server. Do not use it in a production deployment. Use a production WSGI server instead.[0m
 * Running on http://127.0.0.1:5000
INFO:werkzeug:[33mPress CTRL+C to quit[0m
INFO:werkzeug:127.0.0.1 - - [31/Oct/2022 10:47:56] "[32mGET / HTTP/1.1[0m" 302 -
INFO:werkzeug:127.0.0.1 - - [31/Oct/2022 10:47:56] "GET /login HTTP/1.1" 200 -
INFO:werkzeug:127.0.0.1 - - [31/Oct/2022 10:47:56] "GET /static/estilos/login.css HTTP/1.1" 200 -
INFO:werkzeug:127.0.0.1 - - [31/Oct/2022 10:48:02] "[32mPOST /login HTTP/1.1[0m" 302 -
INFO:werkzeug:127.0.0.1 - - [31/Oct/2022 10:48:02] "GET /menu HTTP/1.1" 200 -
INFO:werkzeug:127.0.0.1 - - [31/Oct/2022 10:48:02] "[33mGET /static/css/404.css HTTP/1.1[0m" 404 -
DEBUG:app:None
INFO:werkzeug:127.0.0.1 - - [31/Oct/2022 10:48:03] "GET /empleados HTTP/1.1" 200 -
INFO:werkzeug:127.0.0.1 - - [31/Oct/2022 10:48:03] "GET /static/estilos/index.css HTTP/1.1" 200 -
INFO:werkzeug:127.0.0.1 - - [31/Oct/2022 10:48:16] "[33mGET /salir HTTP/1.1[0m" 404 -
INFO:werkzeug:127.0.0.1 - - [31/Oct/2022 10:48:16] "GET /static/estilos/404.css HTTP/1.1" 200 -
INFO:werkzeug:127.0.0.1 - - [31/Oct/2022 10:48:16] "[33mGET /style.css HTTP/1.1[0m" 404 -
INFO:werkzeug:127.0.0.1 - - [31/Oct/2022 10:48:17] "[32mGET /menu HTTP/1.1[0m" 302 -
INFO:werkzeug:127.0.0.1 - - [31/Oct/2022 10:48:17] "GET /login HTTP/1.1" 200 -
INFO:werkzeug:127.0.0.1 - - [31/Oct/2022 10:48:17] "[36mGET /static/estilos/login.css HTTP/1.1[0m" 304 -
INFO:werkzeug:127.0.0.1 - - [31/Oct/2022 10:48:20] "[32mPOST /login HTTP/1.1[0m" 302 -
INFO:werkzeug:127.0.0.1 - - [31/Oct/2022 10:48:20] "GET /menu HTTP/1.1" 200 -
INFO:werkzeug:127.0.0.1 - - [31/Oct/2022 10:48:20] "[33mGET /static/css/404.css HTTP/1.1[0m" 404 -
DEBUG:app:None
INFO:werkzeug:127.0.0.1 - - [31/Oct/2022 10:48:21] "GET /Profesores HTTP/1.1" 200 -
INFO:werkzeug:127.0.0.1 - - [31/Oct/2022 10:48:21] "[36mGET /static/estilos/index.css HTTP/1.1[0m" 304 -
DEBUG:app:None
INFO:werkzeug:127.0.0.1 - - [31/Oct/2022 10:50:45] "GET /Profesores HTTP/1.1" 200 -
INFO:werkzeug:127.0.0.1 - - [31/Oct/2022 10:50:45] "GET /static/estilos/index.css HTTP/1.1" 200 -
INFO:werkzeug:127.0.0.1 - - [31/Oct/2022 10:50:47] "[33mGET /salir HTTP/1.1[0m" 404 -
INFO:werkzeug:127.0.0.1 - - [31/Oct/2022 10:50:47] "[33mGET /style.css HTTP/1.1[0m" 404 -
INFO:werkzeug:127.0.0.1 - - [31/Oct/2022 10:50:47] "[36mGET /static/estilos/404.css HTTP/1.1[0m" 304 -
INFO:werkzeug:127.0.0.1 - - [31/Oct/2022 10:50:48] "[32mGET /menu HTTP/1.1[0m" 302 -
INFO:werkzeug:127.0.0.1 - - [31/Oct/2022 10:50:48] "GET /login HTTP/1.1" 200 -
INFO:werkzeug:127.0.0.1 - - [31/Oct/2022 10:50:48] "[36mGET /static/estilos/login.css HTTP/1.1[0m" 304 -
INFO:werkzeug:127.0.0.1 - - [31/Oct/2022 10:50:50] "[32mPOST /login HTTP/1.1[0m" 302 -
INFO:werkzeug:127.0.0.1 - - [31/Oct/2022 10:50:50] "GET /menu HTTP/1.1" 200 -
INFO:werkzeug:127.0.0.1 - - [31/Oct/2022 10:50:50] "[33mGET /static/css/404.css HTTP/1.1[0m" 404 -
DEBUG:app:None
INFO:werkzeug:127.0.0.1 - - [31/Oct/2022 10:50:53] "GET /empleados HTTP/1.1" 200 -
INFO:werkzeug:127.0.0.1 - - [31/Oct/2022 10:50:53] "[36mGET /static/estilos/index.css HTTP/1.1[0m" 304 -
INFO:werkzeug:127.0.0.1 - - [31/Oct/2022 10:50:57] "[33mGET /salir HTTP/1.1[0m" 404 -
INFO:werkzeug:127.0.0.1 - - [31/Oct/2022 10:50:57] "[36mGET /static/estilos/404.css HTTP/1.1[0m" 304 -
INFO:werkzeug:127.0.0.1 - - [31/Oct/2022 10:50:57] "[33mGET /style.css HTTP/1.1[0m" 404 -
INFO:werkzeug:127.0.0.1 - - [31/Oct/2022 10:50:58] "[32mGET /menu HTTP/1.1[0m" 302 -
INFO:werkzeug:127.0.0.1 - - [31/Oct/2022 10:50:58] "GET /login HTTP/1.1" 200 -
INFO:werkzeug:127.0.0.1 - - [31/Oct/2022 10:50:58] "[36mGET /static/estilos/login.css HTTP/1.1[0m" 304 -
INFO:werkzeug:127.0.0.1 - - [31/Oct/2022 11:06:35] "[33mGET /cliente HTTP/1.1[0m" 404 -
INFO:werkzeug:127.0.0.1 - - [31/Oct/2022 11:06:37] "[33mGET /clientes HTTP/1.1[0m" 404 -
INFO:werkzeug:127.0.0.1 - - [31/Oct/2022 11:06:54] "[33mGET /cliente HTTP/1.1[0m" 404 -
INFO:werkzeug:127.0.0.1 - - [31/Oct/2022 11:07:26] "[33mGET /michi%5C HTTP/1.1[0m" 404 -
INFO:werkzeug:127.0.0.1 - - [31/Oct/2022 11:07:33] "[33mGET /cliente/ HTTP/1.1[0m" 404 -
INFO:werkzeug:127.0.0.1 - - [31/Oct/2022 11:07:36] "[33mGET /cliente%5C HTTP/1.1[0m" 404 -
INFO:werkzeug:[31m[1mWARNING: This is a development server. Do not use it in a production deployment. Use a production WSGI server instead.[0m
 * Running on http://127.0.0.1:5000
INFO:werkzeug:[33mPress CTRL+C to quit[0m
INFO:werkzeug:127.0.0.1 - - [31/Oct/2022 11:08:56] "[33mGET /cliente HTTP/1.1[0m" 404 -
INFO:werkzeug:127.0.0.1 - - [31/Oct/2022 11:09:46] "[33mGET /cliente HTTP/1.1[0m" 404 -
INFO:werkzeug:127.0.0.1 - - [31/Oct/2022 11:09:47] "[33mGET /cliente HTTP/1.1[0m" 404 -
INFO:werkzeug:127.0.0.1 - - [31/Oct/2022 11:09:47] "[33mGET /cliente HTTP/1.1[0m" 404 -
INFO:werkzeug:127.0.0.1 - - [31/Oct/2022 11:09:47] "[33mGET /cliente HTTP/1.1[0m" 404 -
INFO:werkzeug:127.0.0.1 - - [31/Oct/2022 11:09:47] "[33mGET /cliente HTTP/1.1[0m" 404 -
INFO:werkzeug:127.0.0.1 - - [31/Oct/2022 11:10:46] "[33mGET /cliente HTTP/1.1[0m" 404 -
INFO:werkzeug:127.0.0.1 - - [31/Oct/2022 11:10:51] "[33mGET /Cliente HTTP/1.1[0m" 404 -
INFO:werkzeug:127.0.0.1 - - [31/Oct/2022 11:10:54] "[33mGET /cliente HTTP/1.1[0m" 404 -
INFO:werkzeug:[31m[1mWARNING: This is a development server. Do not use it in a production deployment. Use a production WSGI server instead.[0m
 * Running on http://127.0.0.1:5000
INFO:werkzeug:[33mPress CTRL+C to quit[0m
INFO:werkzeug:127.0.0.1 - - [31/Oct/2022 11:12:55] "[33mGET /cliente HTTP/1.1[0m" 404 -
INFO:werkzeug:127.0.0.1 - - [31/Oct/2022 11:13:13] "[33mGET /Cliente HTTP/1.1[0m" 404 -
INFO:werkzeug:127.0.0.1 - - [31/Oct/2022 11:13:24] "[33mGET /cliente HTTP/1.1[0m" 404 -
INFO:werkzeug:[31m[1mWARNING: This is a development server. Do not use it in a production deployment. Use a production WSGI server instead.[0m
 * Running on http://127.0.0.1:5000
INFO:werkzeug:[33mPress CTRL+C to quit[0m
INFO:werkzeug:127.0.0.1 - - [31/Oct/2022 11:13:35] "[33mGET /cliente HTTP/1.1[0m" 404 -
INFO:werkzeug:127.0.0.1 - - [31/Oct/2022 11:14:26] "[33mGET /cliente/2 HTTP/1.1[0m" 404 -
INFO:werkzeug:127.0.0.1 - - [31/Oct/2022 11:14:29] "[33mGET /cliente HTTP/1.1[0m" 404 -
INFO:werkzeug:127.0.0.1 - - [31/Oct/2022 11:15:58] "[33mPOST /cliente HTTP/1.1[0m" 404 -
INFO:werkzeug:[31m[1mWARNING: This is a development server. Do not use it in a production deployment. Use a production WSGI server instead.[0m
 * Running on http://127.0.0.1:5000
INFO:werkzeug:[33mPress CTRL+C to quit[0m
INFO:werkzeug:127.0.0.1 - - [31/Oct/2022 11:16:11] "[33mPOST /cliente HTTP/1.1[0m" 404 -
INFO:werkzeug:127.0.0.1 - - [31/Oct/2022 11:16:23] "[33mPOST /cliente HTTP/1.1[0m" 404 -
INFO:werkzeug:127.0.0.1 - - [31/Oct/2022 11:17:20] "[33mPOST /cliente HTTP/1.1[0m" 404 -
INFO:werkzeug:127.0.0.1 - - [31/Oct/2022 11:18:05] "[33mPOST /cliente HTTP/1.1[0m" 404 -
INFO:werkzeug:127.0.0.1 - - [31/Oct/2022 11:18:29] "[33mPOST /cliente HTTP/1.1[0m" 404 -
ERROR:flask_migrate:Error: Directory migrations already exists and is not empty
ERROR:flask_migrate:Error: Directory migrations already exists and is not empty
INFO:werkzeug:127.0.0.1 - - [31/Oct/2022 11:21:52] "[33mPOST /cliente HTTP/1.1[0m" 404 -
INFO:werkzeug:[31m[1mWARNING: This is a development server. Do not use it in a production deployment. Use a production WSGI server instead.[0m
 * Running on http://127.0.0.1:5000
INFO:werkzeug:[33mPress CTRL+C to quit[0m
INFO:werkzeug:127.0.0.1 - - [31/Oct/2022 11:22:00] "[33mPOST /cliente HTTP/1.1[0m" 404 -
INFO:werkzeug:127.0.0.1 - - [31/Oct/2022 11:24:44] "[33mPOST /cliente HTTP/1.1[0m" 404 -
INFO:werkzeug:127.0.0.1 - - [31/Oct/2022 11:25:17] "[33mGET /cliente HTTP/1.1[0m" 404 -
INFO:werkzeug:127.0.0.1 - - [31/Oct/2022 11:25:48] "[33mGET /cliente HTTP/1.1[0m" 404 -
INFO:werkzeug:127.0.0.1 - - [31/Oct/2022 11:27:16] "[33mGET /cliente/1 HTTP/1.1[0m" 404 -
INFO:werkzeug:[31m[1mWARNING: This is a development server. Do not use it in a production deployment. Use a production WSGI server instead.[0m
 * Running on http://127.0.0.1:5000
INFO:werkzeug:[33mPress CTRL+C to quit[0m
INFO:werkzeug:127.0.0.1 - - [31/Oct/2022 11:28:04] "[33mGET /cliente HTTP/1.1[0m" 404 -
INFO:werkzeug:[31m[1mWARNING: This is a development server. Do not use it in a production deployment. Use a production WSGI server instead.[0m
 * Running on http://127.0.0.1:5000
INFO:werkzeug:[33mPress CTRL+C to quit[0m
DEBUG:app:None
INFO:werkzeug:127.0.0.1 - - [31/Oct/2022 11:29:48] "GET /cliente HTTP/1.1" 200 -
DEBUG:app:None
INFO:werkzeug:127.0.0.1 - - [31/Oct/2022 11:29:59] "[33mGET /cliente/1 HTTP/1.1[0m" 404 -
DEBUG:app:None
INFO:werkzeug:127.0.0.1 - - [31/Oct/2022 11:30:04] "GET /cliente HTTP/1.1" 200 -
INFO:werkzeug:127.0.0.1 - - [31/Oct/2022 11:30:55] "[31m[1mPATCH /cliente HTTP/1.1[0m" 405 -
DEBUG:app:None
INFO:werkzeug:127.0.0.1 - - [31/Oct/2022 11:31:00] "POST /cliente HTTP/1.1" 200 -
DEBUG:app:None
INFO:werkzeug:127.0.0.1 - - [31/Oct/2022 11:31:16] "GET /cliente/1 HTTP/1.1" 200 -
